kansx@kansx-OptiPlex-7000:~/Fuzz/APISpecFuzz/Library/cJSON/Cpps_SVF$ python3 wpa_complete.py
[AndersenWPA] Checking MAYALIAS
	 FAILURE :MAYALIAS check <id:66, id:70> at ()
wpa: /home/kansx/SVF-Tools/SVF/svf/lib/MemoryModel/PointerAnalysis.cpp:564: virtual void SVF::PointerAnalysis::validateSuccessTests(std::string): Assertion `false && "test case failed!"' failed.
Aborted
执行 /home/kansx/Fuzz/APISpecFuzz/Library/cJSON/Cpps_SVF/cJSON_CreateRaw/cJSON_CreateRaw_svf_complete.ll 失败: Command '/home/kansx/SVF-Tools/SVF/Debug-build/bin/wpa -ander -stat=false /home/kansx/Fuzz/APISpecFuzz/Library/cJSON/Cpps_SVF/cJSON_CreateRaw/cJSON_CreateRaw_svf_complete.ll' returned non-zero exit status 134.
已成功执行: /home/kansx/Fuzz/APISpecFuzz/Library/cJSON/Cpps_SVF/cJSON_CreateDoubleArray/cJSON_CreateDoubleArray_svf_complete.ll
已成功执行: /home/kansx/Fuzz/APISpecFuzz/Library/cJSON/Cpps_SVF/cJSON_IsNumber/cJSON_IsNumber_svf_complete.ll
[AndersenWPA] Checking MAYALIAS
	 SUCCESS :MAYALIAS check <id:77, id:79> at ()
已成功执行: /home/kansx/Fuzz/APISpecFuzz/Library/cJSON/Cpps_SVF/cJSON_Compare/cJSON_Compare_svf_complete.ll
[AndersenWPA] Checking MAYALIAS
	 FAILURE :MAYALIAS check <id:75, id:79> at ()
wpa: /home/kansx/SVF-Tools/SVF/svf/lib/MemoryModel/PointerAnalysis.cpp:564: virtual void SVF::PointerAnalysis::validateSuccessTests(std::string): Assertion `false && "test case failed!"' failed.
Aborted
执行 /home/kansx/Fuzz/APISpecFuzz/Library/cJSON/Cpps_SVF/cJSON_PrintBuffered/cJSON_PrintBuffered_svf_complete.ll 失败: Command '/home/kansx/SVF-Tools/SVF/Debug-build/bin/wpa -ander -stat=false /home/kansx/Fuzz/APISpecFuzz/Library/cJSON/Cpps_SVF/cJSON_PrintBuffered/cJSON_PrintBuffered_svf_complete.ll' returned non-zero exit status 134.
[AndersenWPA] Checking MAYALIAS
	 SUCCESS :MAYALIAS check <id:77, id:79> at ()
	 SUCCESS :MAYALIAS check <id:84, id:86> at ()
	 SUCCESS :MAYALIAS check <id:89, id:91> at ()
已成功执行: /home/kansx/Fuzz/APISpecFuzz/Library/cJSON/Cpps_SVF/cJSON_ReplaceItemViaPointer/cJSON_ReplaceItemViaPointer_svf_complete.ll
[AndersenWPA] Checking MAYALIAS
	 SUCCESS :MAYALIAS check <id:74, id:76> at ()
	 FAILURE :MAYALIAS check <id:89, id:90> at ()
wpa: /home/kansx/SVF-Tools/SVF/svf/lib/MemoryModel/PointerAnalysis.cpp:564: virtual void SVF::PointerAnalysis::validateSuccessTests(std::string): Assertion `false && "test case failed!"' failed.
Aborted
执行 /home/kansx/Fuzz/APISpecFuzz/Library/cJSON/Cpps_SVF/cJSON_GetObjectItem/cJSON_GetObjectItem_svf_complete.ll 失败: Command '/home/kansx/SVF-Tools/SVF/Debug-build/bin/wpa -ander -stat=false /home/kansx/Fuzz/APISpecFuzz/Library/cJSON/Cpps_SVF/cJSON_GetObjectItem/cJSON_GetObjectItem_svf_complete.ll' returned non-zero exit status 134.
已成功执行: /home/kansx/Fuzz/APISpecFuzz/Library/cJSON/Cpps_SVF/cJSON_DeleteItemFromArray/cJSON_DeleteItemFromArray_svf_complete.ll
[AndersenWPA] Checking MAYALIAS
	 SUCCESS :MAYALIAS check <id:67, id:69> at ()
已成功执行: /home/kansx/Fuzz/APISpecFuzz/Library/cJSON/Cpps_SVF/cJSON_CreateArrayReference/cJSON_CreateArrayReference_svf_complete.ll
[AndersenWPA] Checking MAYALIAS
	 FAILURE :MAYALIAS check <id:79, id:80> at ()
wpa: /home/kansx/SVF-Tools/SVF/svf/lib/MemoryModel/PointerAnalysis.cpp:564: virtual void SVF::PointerAnalysis::validateSuccessTests(std::string): Assertion `false && "test case failed!"' failed.
Aborted
执行 /home/kansx/Fuzz/APISpecFuzz/Library/cJSON/Cpps_SVF/cJSON_ParseWithOpts/cJSON_ParseWithOpts_svf_complete.ll 失败: Command '/home/kansx/SVF-Tools/SVF/Debug-build/bin/wpa -ander -stat=false /home/kansx/Fuzz/APISpecFuzz/Library/cJSON/Cpps_SVF/cJSON_ParseWithOpts/cJSON_ParseWithOpts_svf_complete.ll' returned non-zero exit status 134.
[AndersenWPA] Checking MAYALIAS
	 FAILURE :MAYALIAS check <id:66, id:70> at ()
wpa: /home/kansx/SVF-Tools/SVF/svf/lib/MemoryModel/PointerAnalysis.cpp:564: virtual void SVF::PointerAnalysis::validateSuccessTests(std::string): Assertion `false && "test case failed!"' failed.
Aborted
执行 /home/kansx/Fuzz/APISpecFuzz/Library/cJSON/Cpps_SVF/cJSON_PrintUnformatted/cJSON_PrintUnformatted_svf_complete.ll 失败: Command '/home/kansx/SVF-Tools/SVF/Debug-build/bin/wpa -ander -stat=false /home/kansx/Fuzz/APISpecFuzz/Library/cJSON/Cpps_SVF/cJSON_PrintUnformatted/cJSON_PrintUnformatted_svf_complete.ll' returned non-zero exit status 134.
[AndersenWPA] Checking MAYALIAS
	 SUCCESS :MAYALIAS check <id:79, id:81> at ()
已成功执行: /home/kansx/Fuzz/APISpecFuzz/Library/cJSON/Cpps_SVF/cJSON_ReplaceItemInObject/cJSON_ReplaceItemInObject_svf_complete.ll
[AndersenWPA] Checking MAYALIAS
	 SUCCESS :MAYALIAS check <id:74, id:76> at ()
已成功执行: /home/kansx/Fuzz/APISpecFuzz/Library/cJSON/Cpps_SVF/cJSON_DetachItemFromObjectCaseSensitive/cJSON_DetachItemFromObjectCaseSensitive_svf_complete.ll
已成功执行: /home/kansx/Fuzz/APISpecFuzz/Library/cJSON/Cpps_SVF/cJSON_CreateNull/cJSON_CreateNull_svf_complete.ll
[AndersenWPA] Checking MAYALIAS
	 SUCCESS :MAYALIAS check <id:72, id:74> at ()
已成功执行: /home/kansx/Fuzz/APISpecFuzz/Library/cJSON/Cpps_SVF/cJSON_DetachItemViaPointer/cJSON_DetachItemViaPointer_svf_complete.ll
已成功执行: /home/kansx/Fuzz/APISpecFuzz/Library/cJSON/Cpps_SVF/cJSON_CreateTrue/cJSON_CreateTrue_svf_complete.ll
已成功执行: /home/kansx/Fuzz/APISpecFuzz/Library/cJSON/Cpps_SVF/cJSON_DetachItemFromObject/cJSON_DetachItemFromObject_svf_complete.ll
已成功执行: /home/kansx/Fuzz/APISpecFuzz/Library/cJSON/Cpps_SVF/cJSON_IsArray/cJSON_IsArray_svf_complete.ll
[AndersenWPA] Checking MAYALIAS
	 SUCCESS :MAYALIAS check <id:77, id:79> at ()
已成功执行: /home/kansx/Fuzz/APISpecFuzz/Library/cJSON/Cpps_SVF/cJSON_ReplaceItemInArray/cJSON_ReplaceItemInArray_svf_complete.ll
已成功执行: /home/kansx/Fuzz/APISpecFuzz/Library/cJSON/Cpps_SVF/cJSON_Minify/cJSON_Minify_svf_complete.ll
已成功执行: /home/kansx/Fuzz/APISpecFuzz/Library/cJSON/Cpps_SVF/cJSON_malloc/cJSON_malloc_svf_complete.ll
[AndersenWPA] Checking MAYALIAS
	 SUCCESS :MAYALIAS check <id:72, id:74> at ()
已成功执行: /home/kansx/Fuzz/APISpecFuzz/Library/cJSON/Cpps_SVF/cJSON_AddItemToArray/cJSON_AddItemToArray_svf_complete.ll
已成功执行: /home/kansx/Fuzz/APISpecFuzz/Library/cJSON/Cpps_SVF/cJSON_IsFalse/cJSON_IsFalse_svf_complete.ll
[AndersenWPA] Checking MAYALIAS
	 FAILURE :MAYALIAS check <id:69, id:70> at ()
wpa: /home/kansx/SVF-Tools/SVF/svf/lib/MemoryModel/PointerAnalysis.cpp:564: virtual void SVF::PointerAnalysis::validateSuccessTests(std::string): Assertion `false && "test case failed!"' failed.
Aborted
执行 /home/kansx/Fuzz/APISpecFuzz/Library/cJSON/Cpps_SVF/cJSON_Parse/cJSON_Parse_svf_complete.ll 失败: Command '/home/kansx/SVF-Tools/SVF/Debug-build/bin/wpa -ander -stat=false /home/kansx/Fuzz/APISpecFuzz/Library/cJSON/Cpps_SVF/cJSON_Parse/cJSON_Parse_svf_complete.ll' returned non-zero exit status 134.
[AndersenWPA] Checking MAYALIAS
	 FAILURE :MAYALIAS check <id:94, id:95> at ()
wpa: /home/kansx/SVF-Tools/SVF/svf/lib/MemoryModel/PointerAnalysis.cpp:564: virtual void SVF::PointerAnalysis::validateSuccessTests(std::string): Assertion `false && "test case failed!"' failed.
Aborted
执行 /home/kansx/Fuzz/APISpecFuzz/Library/cJSON/Cpps_SVF/cJSON_ReplaceItemInObjectCaseSensitive/cJSON_ReplaceItemInObjectCaseSensitive_svf_complete.ll 失败: Command '/home/kansx/SVF-Tools/SVF/Debug-build/bin/wpa -ander -stat=false /home/kansx/Fuzz/APISpecFuzz/Library/cJSON/Cpps_SVF/cJSON_ReplaceItemInObjectCaseSensitive/cJSON_ReplaceItemInObjectCaseSensitive_svf_complete.ll' returned non-zero exit status 134.
[AndersenWPA] Checking MAYALIAS
	 SUCCESS :MAYALIAS check <id:83, id:84> at ()
	 SUCCESS :MAYALIAS check <id:74, id:76> at ()
	 SUCCESS :MAYALIAS check <id:89, id:90> at ()
已成功执行: /home/kansx/Fuzz/APISpecFuzz/Library/cJSON/Cpps_SVF/cJSON_AddArrayToObject/cJSON_AddArrayToObject_svf_complete.ll
已成功执行: /home/kansx/Fuzz/APISpecFuzz/Library/cJSON/Cpps_SVF/cJSON_Version/cJSON_Version_svf_complete.ll
[AndersenWPA] Checking MAYALIAS
	 FAILURE :MAYALIAS check <id:71, id:75> at ()
wpa: /home/kansx/SVF-Tools/SVF/svf/lib/MemoryModel/PointerAnalysis.cpp:564: virtual void SVF::PointerAnalysis::validateSuccessTests(std::string): Assertion `false && "test case failed!"' failed.
Aborted
执行 /home/kansx/Fuzz/APISpecFuzz/Library/cJSON/Cpps_SVF/cJSON_CreateStringArray/cJSON_CreateStringArray_svf_complete.ll 失败: Command '/home/kansx/SVF-Tools/SVF/Debug-build/bin/wpa -ander -stat=false /home/kansx/Fuzz/APISpecFuzz/Library/cJSON/Cpps_SVF/cJSON_CreateStringArray/cJSON_CreateStringArray_svf_complete.ll' returned non-zero exit status 134.
[AndersenWPA] Checking MAYALIAS
	 SUCCESS :MAYALIAS check <id:69, id:70> at ()
	 SUCCESS :MAYALIAS check <id:77, id:78> at ()
已成功执行: /home/kansx/Fuzz/APISpecFuzz/Library/cJSON/Cpps_SVF/cJSON_GetStringValue/cJSON_GetStringValue_svf_complete.ll
已成功执行: /home/kansx/Fuzz/APISpecFuzz/Library/cJSON/Cpps_SVF/cJSON_CreateIntArray/cJSON_CreateIntArray_svf_complete.ll
已成功执行: /home/kansx/Fuzz/APISpecFuzz/Library/cJSON/Cpps_SVF/cJSON_IsBool/cJSON_IsBool_svf_complete.ll
已成功执行: /home/kansx/Fuzz/APISpecFuzz/Library/cJSON/Cpps_SVF/cJSON_Delete/cJSON_Delete_svf_complete.ll
已成功执行: /home/kansx/Fuzz/APISpecFuzz/Library/cJSON/Cpps_SVF/cJSON_IsRaw/cJSON_IsRaw_svf_complete.ll
[AndersenWPA] Checking MAYALIAS
	 SUCCESS :MAYALIAS check <id:78, id:82> at ()
	 SUCCESS :MAYALIAS check <id:84, id:88> at ()
	 FAILURE :MAYALIAS check <id:73, id:74> at ()
wpa: /home/kansx/SVF-Tools/SVF/svf/lib/MemoryModel/PointerAnalysis.cpp:564: virtual void SVF::PointerAnalysis::validateSuccessTests(std::string): Assertion `false && "test case failed!"' failed.
Aborted
执行 /home/kansx/Fuzz/APISpecFuzz/Library/cJSON/Cpps_SVF/cJSON_SetValuestring/cJSON_SetValuestring_svf_complete.ll 失败: Command '/home/kansx/SVF-Tools/SVF/Debug-build/bin/wpa -ander -stat=false /home/kansx/Fuzz/APISpecFuzz/Library/cJSON/Cpps_SVF/cJSON_SetValuestring/cJSON_SetValuestring_svf_complete.ll' returned non-zero exit status 134.
已成功执行: /home/kansx/Fuzz/APISpecFuzz/Library/cJSON/Cpps_SVF/cJSON_DetachItemFromArray/cJSON_DetachItemFromArray_svf_complete.ll
[AndersenWPA] Checking MAYALIAS
	 FAILURE :MAYALIAS check <id:66, id:70> at ()
wpa: /home/kansx/SVF-Tools/SVF/svf/lib/MemoryModel/PointerAnalysis.cpp:564: virtual void SVF::PointerAnalysis::validateSuccessTests(std::string): Assertion `false && "test case failed!"' failed.
Aborted
执行 /home/kansx/Fuzz/APISpecFuzz/Library/cJSON/Cpps_SVF/cJSON_Print/cJSON_Print_svf_complete.ll 失败: Command '/home/kansx/SVF-Tools/SVF/Debug-build/bin/wpa -ander -stat=false /home/kansx/Fuzz/APISpecFuzz/Library/cJSON/Cpps_SVF/cJSON_Print/cJSON_Print_svf_complete.ll' returned non-zero exit status 134.
[AndersenWPA] Checking MAYALIAS
	 SUCCESS :MAYALIAS check <id:74, id:78> at ()
	 SUCCESS :MAYALIAS check <id:66, id:70> at ()
已成功执行: /home/kansx/Fuzz/APISpecFuzz/Library/cJSON/Cpps_SVF/cJSON_CreateStringReference/cJSON_CreateStringReference_svf_complete.ll
已成功执行: /home/kansx/Fuzz/APISpecFuzz/Library/cJSON/Cpps_SVF/cJSON_CreateBool/cJSON_CreateBool_svf_complete.ll
[AndersenWPA] Checking MAYALIAS
	 FAILURE :MAYALIAS check <id:93, id:94> at ()
wpa: /home/kansx/SVF-Tools/SVF/svf/lib/MemoryModel/PointerAnalysis.cpp:564: virtual void SVF::PointerAnalysis::validateSuccessTests(std::string): Assertion `false && "test case failed!"' failed.
Aborted
执行 /home/kansx/Fuzz/APISpecFuzz/Library/cJSON/Cpps_SVF/cJSON_PrintPreallocated/cJSON_PrintPreallocated_svf_complete.ll 失败: Command '/home/kansx/SVF-Tools/SVF/Debug-build/bin/wpa -ander -stat=false /home/kansx/Fuzz/APISpecFuzz/Library/cJSON/Cpps_SVF/cJSON_PrintPreallocated/cJSON_PrintPreallocated_svf_complete.ll' returned non-zero exit status 134.
[AndersenWPA] Checking MAYALIAS
	 FAILURE :MAYALIAS check <id:66, id:70> at ()
wpa: /home/kansx/SVF-Tools/SVF/svf/lib/MemoryModel/PointerAnalysis.cpp:564: virtual void SVF::PointerAnalysis::validateSuccessTests(std::string): Assertion `false && "test case failed!"' failed.
Aborted
执行 /home/kansx/Fuzz/APISpecFuzz/Library/cJSON/Cpps_SVF/cJSON_CreateString/cJSON_CreateString_svf_complete.ll 失败: Command '/home/kansx/SVF-Tools/SVF/Debug-build/bin/wpa -ander -stat=false /home/kansx/Fuzz/APISpecFuzz/Library/cJSON/Cpps_SVF/cJSON_CreateString/cJSON_CreateString_svf_complete.ll' returned non-zero exit status 134.
[AndersenWPA] Checking MAYALIAS
	 FAILURE :MAYALIAS check <id:76, id:77> at ()
wpa: /home/kansx/SVF-Tools/SVF/svf/lib/MemoryModel/PointerAnalysis.cpp:564: virtual void SVF::PointerAnalysis::validateSuccessTests(std::string): Assertion `false && "test case failed!"' failed.
Aborted
执行 /home/kansx/Fuzz/APISpecFuzz/Library/cJSON/Cpps_SVF/cJSON_HasObjectItem/cJSON_HasObjectItem_svf_complete.ll 失败: Command '/home/kansx/SVF-Tools/SVF/Debug-build/bin/wpa -ander -stat=false /home/kansx/Fuzz/APISpecFuzz/Library/cJSON/Cpps_SVF/cJSON_HasObjectItem/cJSON_HasObjectItem_svf_complete.ll' returned non-zero exit status 134.
[AndersenWPA] Checking MAYALIAS
	 FAILURE :MAYALIAS check <id:74, id:75> at ()
wpa: /home/kansx/SVF-Tools/SVF/svf/lib/MemoryModel/PointerAnalysis.cpp:564: virtual void SVF::PointerAnalysis::validateSuccessTests(std::string): Assertion `false && "test case failed!"' failed.
Aborted
执行 /home/kansx/Fuzz/APISpecFuzz/Library/cJSON/Cpps_SVF/cJSON_ParseWithLength/cJSON_ParseWithLength_svf_complete.ll 失败: Command '/home/kansx/SVF-Tools/SVF/Debug-build/bin/wpa -ander -stat=false /home/kansx/Fuzz/APISpecFuzz/Library/cJSON/Cpps_SVF/cJSON_ParseWithLength/cJSON_ParseWithLength_svf_complete.ll' returned non-zero exit status 134.
已成功执行: /home/kansx/Fuzz/APISpecFuzz/Library/cJSON/Cpps_SVF/cJSON_CreateObject/cJSON_CreateObject_svf_complete.ll
已成功执行: /home/kansx/Fuzz/APISpecFuzz/Library/cJSON/Cpps_SVF/cJSON_IsString/cJSON_IsString_svf_complete.ll
已成功执行: /home/kansx/Fuzz/APISpecFuzz/Library/cJSON/Cpps_SVF/cJSON_GetNumberValue/cJSON_GetNumberValue_svf_complete.ll
[AndersenWPA] Checking MAYALIAS
	 SUCCESS :MAYALIAS check <id:72, id:74> at ()
已成功执行: /home/kansx/Fuzz/APISpecFuzz/Library/cJSON/Cpps_SVF/cJSON_GetArrayItem/cJSON_GetArrayItem_svf_complete.ll
已成功执行: /home/kansx/Fuzz/APISpecFuzz/Library/cJSON/Cpps_SVF/cJSON_GetErrorPtr/cJSON_GetErrorPtr_svf_complete.ll
已成功执行: /home/kansx/Fuzz/APISpecFuzz/Library/cJSON/Cpps_SVF/cJSON_IsInvalid/cJSON_IsInvalid_svf_complete.ll
已成功执行: /home/kansx/Fuzz/APISpecFuzz/Library/cJSON/Cpps_SVF/cJSON_CreateArray/cJSON_CreateArray_svf_complete.ll
已成功执行: /home/kansx/Fuzz/APISpecFuzz/Library/cJSON/Cpps_SVF/cJSON_IsNull/cJSON_IsNull_svf_complete.ll
已成功执行: /home/kansx/Fuzz/APISpecFuzz/Library/cJSON/Cpps_SVF/cJSON_IsObject/cJSON_IsObject_svf_complete.ll
已成功执行: /home/kansx/Fuzz/APISpecFuzz/Library/cJSON/Cpps_SVF/cJSON_IsTrue/cJSON_IsTrue_svf_complete.ll
已成功执行: /home/kansx/Fuzz/APISpecFuzz/Library/cJSON/Cpps_SVF/cJSON_GetArraySize/cJSON_GetArraySize_svf_complete.ll
[AndersenWPA] Checking MAYALIAS
	 SUCCESS :MAYALIAS check <id:72, id:74> at ()
已成功执行: /home/kansx/Fuzz/APISpecFuzz/Library/cJSON/Cpps_SVF/cJSON_Duplicate/cJSON_Duplicate_svf_complete.ll
已成功执行: /home/kansx/Fuzz/APISpecFuzz/Library/cJSON/Cpps_SVF/cJSON_DeleteItemFromObjectCaseSensitive/cJSON_DeleteItemFromObjectCaseSensitive_svf_complete.ll
已成功执行: /home/kansx/Fuzz/APISpecFuzz/Library/cJSON/Cpps_SVF/cJSON_CreateFloatArray/cJSON_CreateFloatArray_svf_complete.ll
已成功执行: /home/kansx/Fuzz/APISpecFuzz/Library/cJSON/Cpps_SVF/cJSON_DeleteItemFromObject/cJSON_DeleteItemFromObject_svf_complete.ll
[AndersenWPA] Checking MAYALIAS
	 SUCCESS :MAYALIAS check <id:74, id:76> at ()
	 FAILURE :MAYALIAS check <id:83, id:84> at ()
wpa: /home/kansx/SVF-Tools/SVF/svf/lib/MemoryModel/PointerAnalysis.cpp:564: virtual void SVF::PointerAnalysis::validateSuccessTests(std::string): Assertion `false && "test case failed!"' failed.
Aborted
执行 /home/kansx/Fuzz/APISpecFuzz/Library/cJSON/Cpps_SVF/cJSON_GetObjectItemCaseSensitive/cJSON_GetObjectItemCaseSensitive_svf_complete.ll 失败: Command '/home/kansx/SVF-Tools/SVF/Debug-build/bin/wpa -ander -stat=false /home/kansx/Fuzz/APISpecFuzz/Library/cJSON/Cpps_SVF/cJSON_GetObjectItemCaseSensitive/cJSON_GetObjectItemCaseSensitive_svf_complete.ll' returned non-zero exit status 134.
[AndersenWPA] Checking MAYALIAS
	 SUCCESS :MAYALIAS check <id:67, id:69> at ()
已成功执行: /home/kansx/Fuzz/APISpecFuzz/Library/cJSON/Cpps_SVF/cJSON_CreateObjectReference/cJSON_CreateObjectReference_svf_complete.ll
已成功执行: /home/kansx/Fuzz/APISpecFuzz/Library/cJSON/Cpps_SVF/cJSON_CreateFalse/cJSON_CreateFalse_svf_complete.ll
 --------------------------- 编译完成 ---------------------------
kansx@kansx-OptiPlex-7000:~/Fuzz/APISpecFuzz/Library/cJSON/Cpps_SVF$

